  ebentoak.c
  graphics.c
C:\DEV\PBL1\simpleSdlWrapper\graphics.c(120,37): warning C4020: 'SDL_FillRect': too many actual parameters
  imagen.c
  soinua.c
  text.c
  02simpleGameMain.c
C:\DEV\PBL1\02simpleGame\02simpleGameMain.c(38,14): warning C4013: 'jokatu2' undefined; assuming extern returning int
C:\DEV\PBL1\02simpleGame\02simpleGameMain.c(39,14): warning C4013: 'dilema' undefined; assuming extern returning int
  BigarrenFasea.c
C:\DEV\PBL1\02simpleGame\BigarrenFasea.c(28,11): warning C4244: 'function': conversion from 'time_t' to 'unsigned int', possible loss of data
C:\DEV\PBL1\02simpleGame\BigarrenFasea.c(43,9): warning C4996: 'sprintf': This function or variable may be unsafe. Consider using sprintf_s instead. To disable deprecation, use _CRT_SECURE_NO_WARNINGS. See online help for details.
C:\DEV\PBL1\02simpleGame\BigarrenFasea.c(52,13): warning C4996: 'sprintf': This function or variable may be unsafe. Consider using sprintf_s instead. To disable deprecation, use _CRT_SECURE_NO_WARNINGS. See online help for details.
C:\DEV\PBL1\02simpleGame\BigarrenFasea.c(53,13): warning C4996: 'sprintf': This function or variable may be unsafe. Consider using sprintf_s instead. To disable deprecation, use _CRT_SECURE_NO_WARNINGS. See online help for details.
C:\DEV\PBL1\02simpleGame\BigarrenFasea.c(100,9): warning C4996: 'sprintf': This function or variable may be unsafe. Consider using sprintf_s instead. To disable deprecation, use _CRT_SECURE_NO_WARNINGS. See online help for details.
C:\DEV\PBL1\02simpleGame\BigarrenFasea.c(113,9): warning C4996: 'sprintf': This function or variable may be unsafe. Consider using sprintf_s instead. To disable deprecation, use _CRT_SECURE_NO_WARNINGS. See online help for details.
C:\DEV\PBL1\02simpleGame\BigarrenFasea.c(129,19): warning C4244: '-=': conversion from 'double' to 'int', possible loss of data
C:\DEV\PBL1\02simpleGame\BigarrenFasea.c(127,21): warning C4244: 'initializing': conversion from 'double' to 'float', possible loss of data
C:\DEV\PBL1\02simpleGame\BigarrenFasea.c(437,26): warning C4244: 'initializing': conversion from 'double' to 'int', possible loss of data
  game02.c
C:\DEV\PBL1\02simpleGame\game02\game02.c(396,5): warning C4996: 'sprintf': This function or variable may be unsafe. Consider using sprintf_s instead. To disable deprecation, use _CRT_SECURE_NO_WARNINGS. See online help for details.
C:\DEV\PBL1\02simpleGame\game02\game02.c(429,5): warning C4996: 'sprintf': This function or variable may be unsafe. Consider using sprintf_s instead. To disable deprecation, use _CRT_SECURE_NO_WARNINGS. See online help for details.
C:\DEV\PBL1\02simpleGame\game02\game02.c(520,14): warning C4996: 'sprintf': This function or variable may be unsafe. Consider using sprintf_s instead. To disable deprecation, use _CRT_SECURE_NO_WARNINGS. See online help for details.
  Generating Code...
C:\DEV\PBL1\02simpleGame\BigarrenFasea.c(351): warning C4716: 'dilema': must return a value
  02simpleGame.vcxproj -> C:\DEV\PBL1\Debug\02simpleGame.exe
