c:\dev\pbl1\02simplegame\debug\vc143.pdb
c:\dev\pbl1\02simplegame\debug\vc143.idb
c:\dev\pbl1\02simplegame\debug\game02.obj
c:\dev\pbl1\02simplegame\debug\bigarrenfasea.obj
c:\dev\pbl1\02simplegame\debug\02simplegamemain.obj
c:\dev\pbl1\02simplegame\debug\text.obj
c:\dev\pbl1\02simplegame\debug\soinua.obj
c:\dev\pbl1\02simplegame\debug\imagen.obj
c:\dev\pbl1\02simplegame\debug\graphics.obj
c:\dev\pbl1\02simplegame\debug\ebentoak.obj
c:\dev\pbl1\debug\02simplegame.exe
c:\dev\pbl1\02simplegame\debug\02simplegame.ilk
c:\dev\pbl1\debug\02simplegame.pdb
c:\dev\pbl1\02simplegame\debug\02simplegame.tlog\cl.command.1.tlog
c:\dev\pbl1\02simplegame\debug\02simplegame.tlog\cl.items.tlog
c:\dev\pbl1\02simplegame\debug\02simplegame.tlog\cl.read.1.tlog
c:\dev\pbl1\02simplegame\debug\02simplegame.tlog\cl.write.1.tlog
c:\dev\pbl1\02simplegame\debug\02simplegame.tlog\link.command.1.tlog
c:\dev\pbl1\02simplegame\debug\02simplegame.tlog\link.read.1.tlog
c:\dev\pbl1\02simplegame\debug\02simplegame.tlog\link.write.1.tlog
